c:\users\vince\onedrive - unsw\unsw third year\3. mtrn3500\assignment 2 - uvg\uvg_assignment\uvg_assignment\x64\debug\vc143.pdb
c:\users\vince\onedrive - unsw\unsw third year\3. mtrn3500\assignment 2 - uvg\uvg_assignment\uvg_assignment\x64\debug\.netframework,version=v4.7.2.assemblyattributes.obj
c:\users\vince\onedrive - unsw\unsw third year\3. mtrn3500\assignment 2 - uvg\uvg_assignment\uvg_assignment\x64\debug\vc.obj
c:\users\vince\onedrive - unsw\unsw third year\3. mtrn3500\assignment 2 - uvg\uvg_assignment\uvg_assignment\x64\debug\tmm.obj
c:\users\vince\onedrive - unsw\unsw third year\3. mtrn3500\assignment 2 - uvg\uvg_assignment\uvg_assignment\x64\debug\main.obj
c:\users\vince\onedrive - unsw\unsw third year\3. mtrn3500\assignment 2 - uvg\uvg_assignment\uvg_assignment\x64\debug\laser.obj
c:\users\vince\onedrive - unsw\unsw third year\3. mtrn3500\assignment 2 - uvg\uvg_assignment\uvg_assignment\x64\debug\gnss.obj
c:\users\vince\onedrive - unsw\unsw third year\3. mtrn3500\assignment 2 - uvg\uvg_assignment\uvg_assignment\x64\debug\display.obj
c:\users\vince\onedrive - unsw\unsw third year\3. mtrn3500\assignment 2 - uvg\uvg_assignment\uvg_assignment\x64\debug\controller.obj
c:\users\vince\onedrive - unsw\unsw third year\3. mtrn3500\assignment 2 - uvg\uvg_assignment\executables\uvg_assignment_z5312783.exe
c:\users\vince\onedrive - unsw\unsw third year\3. mtrn3500\assignment 2 - uvg\uvg_assignment\executables\uvg_assignment_z5312783.pdb
c:\users\vince\onedrive - unsw\unsw third year\3. mtrn3500\assignment 2 - uvg\uvg_assignment\uvg_assignment\x64\debug\uvg_assignment.tlog\cl.command.1.tlog
c:\users\vince\onedrive - unsw\unsw third year\3. mtrn3500\assignment 2 - uvg\uvg_assignment\uvg_assignment\x64\debug\uvg_assignment.tlog\cl.items.tlog
c:\users\vince\onedrive - unsw\unsw third year\3. mtrn3500\assignment 2 - uvg\uvg_assignment\uvg_assignment\x64\debug\uvg_assignment.tlog\cl.read.1.tlog
c:\users\vince\onedrive - unsw\unsw third year\3. mtrn3500\assignment 2 - uvg\uvg_assignment\uvg_assignment\x64\debug\uvg_assignment.tlog\cl.write.1.tlog
c:\users\vince\onedrive - unsw\unsw third year\3. mtrn3500\assignment 2 - uvg\uvg_assignment\uvg_assignment\x64\debug\uvg_assignment.tlog\link.command.1.tlog
c:\users\vince\onedrive - unsw\unsw third year\3. mtrn3500\assignment 2 - uvg\uvg_assignment\uvg_assignment\x64\debug\uvg_assignment.tlog\link.read.1.tlog
c:\users\vince\onedrive - unsw\unsw third year\3. mtrn3500\assignment 2 - uvg\uvg_assignment\uvg_assignment\x64\debug\uvg_assignment.tlog\link.write.1.tlog
c:\users\vince\onedrive - unsw\unsw third year\3. mtrn3500\assignment 2 - uvg\uvg_assignment\uvg_assignment\x64\debug\uvg_assignment.tlog\metagen.read.1.tlog
c:\users\vince\onedrive - unsw\unsw third year\3. mtrn3500\assignment 2 - uvg\uvg_assignment\uvg_assignment\x64\debug\uvg_assignment.tlog\metagen.write.1.tlog
